TN:
SF:C:\Users\EMitra\Documents\javascript\hangman-jest\lib.js
FN:8,isWordSolved
FN:9,(anonymous_1)
FN:17,randomlySelectWord
FN:26,createBlankWordArray
FN:38,fillInGuessedLetters
FN:39,(anonymous_5)
FN:49,stringify
FN:59,wordIncludesLetter
FN:67,askForALetter
FN:75,print
FN:79,validateInput
FNF:11
FNH:7
FNDA:3,isWordSolved
FNDA:5,(anonymous_1)
FNDA:0,randomlySelectWord
FNDA:6,createBlankWordArray
FNDA:0,fillInGuessedLetters
FNDA:0,(anonymous_5)
FNDA:5,stringify
FNDA:0,wordIncludesLetter
FNDA:1,askForALetter
FNDA:2,print
FNDA:5,validateInput
DA:1,1
DA:9,5
DA:18,0
DA:27,6
DA:28,3
DA:39,0
DA:40,0
DA:50,5
DA:60,0
DA:68,1
DA:76,2
DA:80,5
DA:81,3
DA:82,2
DA:85,1
LF:15
LH:11
BRDA:26,0,0,1
BRDA:27,1,0,3
BRDA:27,1,1,3
BRDA:40,2,0,0
BRDA:40,2,1,0
BRDA:49,3,0,0
BRDA:80,4,0,2
BRDA:80,4,1,3
BRDA:81,5,0,1
BRDA:81,5,1,2
BRF:10
BRH:7
end_of_record
